<?xml version="1.0" encoding="UTF-8"?>
<testsuite name="com.my.springboot.web.HelloControllerTest" tests="2" skipped="0" failures="0" errors="0" timestamp="2021-08-23T06:07:56" hostname="TAEGYUN-LENOVO" time="0.251">
  <properties/>
  <testcase name="helloDto가_리턴된다" classname="com.my.springboot.web.HelloControllerTest" time="0.241"/>
  <testcase name="returnsHello" classname="com.my.springboot.web.HelloControllerTest" time="0.009"/>
  <system-out><![CDATA[2021-08-23 15:07:53.789  INFO 10916 --- [    Test worker] .b.t.a.w.s.WebMvcTestContextBootstrapper : Neither @ContextConfiguration nor @ContextHierarchy found for test class [com.my.springboot.web.HelloControllerTest], using SpringBootContextLoader
2021-08-23 15:07:53.807  INFO 10916 --- [    Test worker] o.s.t.c.support.AbstractContextLoader    : Could not detect default resource locations for test class [com.my.springboot.web.HelloControllerTest]: no resource found for suffixes {-context.xml, Context.groovy}.
2021-08-23 15:07:53.813  INFO 10916 --- [    Test worker] t.c.s.AnnotationConfigContextLoaderUtils : Could not detect default configuration classes for test class [com.my.springboot.web.HelloControllerTest]: HelloControllerTest does not declare any static, non-private, non-final, nested classes annotated with @Configuration.
2021-08-23 15:07:53.851  INFO 10916 --- [    Test worker] .b.t.c.SpringBootTestContextBootstrapper : Found @SpringBootConfiguration com.my.springboot.Application for test class com.my.springboot.web.HelloControllerTest
2021-08-23 15:07:53.852  INFO 10916 --- [    Test worker] .b.t.a.w.s.WebMvcTestContextBootstrapper : Loaded default TestExecutionListener class names from location [META-INF/spring.factories]: [org.springframework.security.test.context.support.WithSecurityContextTestExecutionListener, org.springframework.security.test.context.support.ReactorContextTestExecutionListener, org.springframework.boot.test.autoconfigure.restdocs.RestDocsTestExecutionListener, org.springframework.boot.test.autoconfigure.web.client.MockRestServiceServerResetTestExecutionListener, org.springframework.boot.test.autoconfigure.web.servlet.MockMvcPrintOnlyOnFailureTestExecutionListener, org.springframework.boot.test.autoconfigure.web.servlet.WebDriverTestExecutionListener, org.springframework.boot.test.mock.mockito.MockitoTestExecutionListener, org.springframework.boot.test.mock.mockito.ResetMocksTestExecutionListener, org.springframework.test.context.web.ServletTestExecutionListener, org.springframework.test.context.support.DirtiesContextBeforeModesTestExecutionListener, org.springframework.test.context.support.DependencyInjectionTestExecutionListener, org.springframework.test.context.support.DirtiesContextTestExecutionListener, org.springframework.test.context.transaction.TransactionalTestExecutionListener, org.springframework.test.context.jdbc.SqlScriptsTestExecutionListener]
2021-08-23 15:07:53.853  INFO 10916 --- [    Test worker] .b.t.a.w.s.WebMvcTestContextBootstrapper : Using TestExecutionListeners: [org.springframework.test.context.web.ServletTestExecutionListener@7ebc5d03, org.springframework.test.context.support.DirtiesContextBeforeModesTestExecutionListener@6581d5e0, org.springframework.boot.test.mock.mockito.MockitoTestExecutionListener@73f685f6, org.springframework.boot.test.autoconfigure.SpringBootDependencyInjectionTestExecutionListener@6979e639, org.springframework.test.context.support.DirtiesContextTestExecutionListener@75b1fa50, org.springframework.test.context.transaction.TransactionalTestExecutionListener@1ef41fd3, org.springframework.test.context.jdbc.SqlScriptsTestExecutionListener@596ae0ce, org.springframework.security.test.context.support.WithSecurityContextTestExecutionListener@7f849df4, org.springframework.security.test.context.support.ReactorContextTestExecutionListener@59d8b2e, org.springframework.boot.test.autoconfigure.restdocs.RestDocsTestExecutionListener@3ba906c9, org.springframework.boot.test.autoconfigure.web.client.MockRestServiceServerResetTestExecutionListener@354bfde2, org.springframework.boot.test.autoconfigure.web.servlet.MockMvcPrintOnlyOnFailureTestExecutionListener@6e7bbd82, org.springframework.boot.test.autoconfigure.web.servlet.WebDriverTestExecutionListener@7569f98, org.springframework.boot.test.mock.mockito.ResetMocksTestExecutionListener@74ba4ef5]

  .   ____          _            __ _ _
 /\\ / ___'_ __ _ _(_)_ __  __ _ \ \ \ \
( ( )\___ | '_ | '_| | '_ \/ _` | \ \ \ \
 \\/  ___)| |_)| | | | | || (_| |  ) ) ) )
  '  |____| .__|_| |_|_| |_\__, | / / / /
 =========|_|==============|___/=/_/_/_/
 :: Spring Boot ::        (v2.1.7.RELEASE)

2021-08-23 15:07:53.999  INFO 10916 --- [    Test worker] c.my.springboot.web.HelloControllerTest  : Starting HelloControllerTest on TAEGYUN-Lenovo with PID 10916 (started by woota in D:\Spring\freelec-springboot2-webservice)
2021-08-23 15:07:54.001  INFO 10916 --- [    Test worker] c.my.springboot.web.HelloControllerTest  : No active profile set, falling back to default profiles: default
2021-08-23 15:07:55.296  INFO 10916 --- [    Test worker] o.s.s.concurrent.ThreadPoolTaskExecutor  : Initializing ExecutorService 'applicationTaskExecutor'
2021-08-23 15:07:55.495  INFO 10916 --- [    Test worker] o.s.b.a.w.s.WelcomePageHandlerMapping    : Adding welcome page template: index
2021-08-23 15:07:56.041  INFO 10916 --- [    Test worker] .s.s.UserDetailsServiceAutoConfiguration : 

Using generated security password: 9aadc0c9-7be3-4f07-bbca-cb0c2a19c081

2021-08-23 15:07:56.457  INFO 10916 --- [    Test worker] o.s.s.web.DefaultSecurityFilterChain     : Creating filter chain: any request, [org.springframework.security.web.context.request.async.WebAsyncManagerIntegrationFilter@22c15145, org.springframework.security.web.context.SecurityContextPersistenceFilter@4b95ab4d, org.springframework.security.web.header.HeaderWriterFilter@4a033d0f, org.springframework.security.web.csrf.CsrfFilter@3362dbb7, org.springframework.security.web.authentication.logout.LogoutFilter@4d716f1a, org.springframework.security.web.authentication.UsernamePasswordAuthenticationFilter@60565400, org.springframework.security.web.authentication.ui.DefaultLoginPageGeneratingFilter@1d07a957, org.springframework.security.web.authentication.ui.DefaultLogoutPageGeneratingFilter@68255440, org.springframework.security.web.authentication.www.BasicAuthenticationFilter@bf54d63, org.springframework.security.web.savedrequest.RequestCacheAwareFilter@6e4260c1, org.springframework.security.web.servletapi.SecurityContextHolderAwareRequestFilter@3d7ac343, org.springframework.security.web.authentication.AnonymousAuthenticationFilter@499a8272, org.springframework.security.web.session.SessionManagementFilter@6f99f89b, org.springframework.security.web.access.ExceptionTranslationFilter@27f0505e, org.springframework.security.web.access.intercept.FilterSecurityInterceptor@334a0047]
2021-08-23 15:07:56.524  INFO 10916 --- [    Test worker] o.s.b.t.m.w.SpringBootMockServletContext : Initializing Spring TestDispatcherServlet ''
2021-08-23 15:07:56.524  INFO 10916 --- [    Test worker] o.s.t.web.servlet.TestDispatcherServlet  : Initializing Servlet ''
2021-08-23 15:07:56.606  INFO 10916 --- [    Test worker] o.s.t.web.servlet.TestDispatcherServlet  : Completed initialization in 82 ms
2021-08-23 15:07:56.658  INFO 10916 --- [    Test worker] c.my.springboot.web.HelloControllerTest  : Started HelloControllerTest in 2.802 seconds (JVM running for 17.209)
]]></system-out>
  <system-err><![CDATA[]]></system-err>
</testsuite>
