<?xml version="1.0" encoding="UTF-8"?>
<testsuite name="com.my.springboot.web.ProfileControllerTest" tests="1" skipped="0" failures="0" errors="0" timestamp="2021-08-25T03:32:32" hostname="TAEGYUN-LENOVO" time="0.016">
  <properties/>
  <testcase name="profile은_인증없이_호출된다" classname="com.my.springboot.web.ProfileControllerTest" time="0.016"/>
  <system-out><![CDATA[2021-08-25 12:32:32.921  INFO 1148 --- [    Test worker] .b.t.c.SpringBootTestContextBootstrapper : Neither @ContextConfiguration nor @ContextHierarchy found for test class [com.my.springboot.web.ProfileControllerTest], using SpringBootContextLoader
2021-08-25 12:32:32.922  INFO 1148 --- [    Test worker] o.s.t.c.support.AbstractContextLoader    : Could not detect default resource locations for test class [com.my.springboot.web.ProfileControllerTest]: no resource found for suffixes {-context.xml, Context.groovy}.
2021-08-25 12:32:32.922  INFO 1148 --- [    Test worker] t.c.s.AnnotationConfigContextLoaderUtils : Could not detect default configuration classes for test class [com.my.springboot.web.ProfileControllerTest]: ProfileControllerTest does not declare any static, non-private, non-final, nested classes annotated with @Configuration.
2021-08-25 12:32:32.924  INFO 1148 --- [    Test worker] .b.t.c.SpringBootTestContextBootstrapper : Found @SpringBootConfiguration com.my.springboot.Application for test class com.my.springboot.web.ProfileControllerTest
2021-08-25 12:32:32.926  INFO 1148 --- [    Test worker] .b.t.c.SpringBootTestContextBootstrapper : Loaded default TestExecutionListener class names from location [META-INF/spring.factories]: [org.springframework.security.test.context.support.WithSecurityContextTestExecutionListener, org.springframework.security.test.context.support.ReactorContextTestExecutionListener, org.springframework.boot.test.autoconfigure.restdocs.RestDocsTestExecutionListener, org.springframework.boot.test.autoconfigure.web.client.MockRestServiceServerResetTestExecutionListener, org.springframework.boot.test.autoconfigure.web.servlet.MockMvcPrintOnlyOnFailureTestExecutionListener, org.springframework.boot.test.autoconfigure.web.servlet.WebDriverTestExecutionListener, org.springframework.boot.test.mock.mockito.MockitoTestExecutionListener, org.springframework.boot.test.mock.mockito.ResetMocksTestExecutionListener, org.springframework.test.context.web.ServletTestExecutionListener, org.springframework.test.context.support.DirtiesContextBeforeModesTestExecutionListener, org.springframework.test.context.support.DependencyInjectionTestExecutionListener, org.springframework.test.context.support.DirtiesContextTestExecutionListener, org.springframework.test.context.transaction.TransactionalTestExecutionListener, org.springframework.test.context.jdbc.SqlScriptsTestExecutionListener]
2021-08-25 12:32:32.930  INFO 1148 --- [    Test worker] .b.t.c.SpringBootTestContextBootstrapper : Using TestExecutionListeners: [org.springframework.test.context.web.ServletTestExecutionListener@6aef50e2, org.springframework.test.context.support.DirtiesContextBeforeModesTestExecutionListener@5e53ee16, org.springframework.boot.test.mock.mockito.MockitoTestExecutionListener@762b3ae5, org.springframework.boot.test.autoconfigure.SpringBootDependencyInjectionTestExecutionListener@745c3c30, org.springframework.test.context.support.DirtiesContextTestExecutionListener@64240a19, org.springframework.test.context.transaction.TransactionalTestExecutionListener@25466bd5, org.springframework.test.context.jdbc.SqlScriptsTestExecutionListener@a95918a, org.springframework.security.test.context.support.WithSecurityContextTestExecutionListener@1f3d8154, org.springframework.security.test.context.support.ReactorContextTestExecutionListener@5b8d2468, org.springframework.boot.test.autoconfigure.restdocs.RestDocsTestExecutionListener@4d03f40f, org.springframework.boot.test.autoconfigure.web.client.MockRestServiceServerResetTestExecutionListener@6b3c35e4, org.springframework.boot.test.autoconfigure.web.servlet.MockMvcPrintOnlyOnFailureTestExecutionListener@18783ef6, org.springframework.boot.test.autoconfigure.web.servlet.WebDriverTestExecutionListener@2ae4e7f5, org.springframework.boot.test.mock.mockito.ResetMocksTestExecutionListener@7895dd2a]
]]></system-out>
  <system-err><![CDATA[]]></system-err>
</testsuite>
