<?xml version="1.0" encoding="UTF-8"?>
<testsuite name="com.my.springboot.web.ProfileControllerTest" tests="1" skipped="0" failures="0" errors="0" timestamp="2021-08-25T02:25:10" hostname="TAEGYUN-LENOVO" time="0.388">
  <properties/>
  <testcase name="profile은_인증없이_호출된다" classname="com.my.springboot.web.ProfileControllerTest" time="0.388"/>
  <system-out><![CDATA[11:25:00.451 [Test worker] DEBUG org.springframework.test.context.junit4.SpringJUnit4ClassRunner - SpringJUnit4ClassRunner constructor called with [class com.my.springboot.web.ProfileControllerTest]
11:25:00.459 [Test worker] DEBUG org.springframework.test.context.BootstrapUtils - Instantiating CacheAwareContextLoaderDelegate from class [org.springframework.test.context.cache.DefaultCacheAwareContextLoaderDelegate]
11:25:00.470 [Test worker] DEBUG org.springframework.test.context.BootstrapUtils - Instantiating BootstrapContext using constructor [public org.springframework.test.context.support.DefaultBootstrapContext(java.lang.Class,org.springframework.test.context.CacheAwareContextLoaderDelegate)]
11:25:00.492 [Test worker] DEBUG org.springframework.test.context.BootstrapUtils - Instantiating TestContextBootstrapper for test class [com.my.springboot.web.ProfileControllerTest] from class [org.springframework.boot.test.context.SpringBootTestContextBootstrapper]
11:25:00.506 [Test worker] INFO org.springframework.boot.test.context.SpringBootTestContextBootstrapper - Neither @ContextConfiguration nor @ContextHierarchy found for test class [com.my.springboot.web.ProfileControllerTest], using SpringBootContextLoader
11:25:00.511 [Test worker] DEBUG org.springframework.test.context.support.AbstractContextLoader - Did not detect default resource location for test class [com.my.springboot.web.ProfileControllerTest]: class path resource [com/my/springboot/web/ProfileControllerTest-context.xml] does not exist
11:25:00.512 [Test worker] DEBUG org.springframework.test.context.support.AbstractContextLoader - Did not detect default resource location for test class [com.my.springboot.web.ProfileControllerTest]: class path resource [com/my/springboot/web/ProfileControllerTestContext.groovy] does not exist
11:25:00.512 [Test worker] INFO org.springframework.test.context.support.AbstractContextLoader - Could not detect default resource locations for test class [com.my.springboot.web.ProfileControllerTest]: no resource found for suffixes {-context.xml, Context.groovy}.
11:25:00.513 [Test worker] INFO org.springframework.test.context.support.AnnotationConfigContextLoaderUtils - Could not detect default configuration classes for test class [com.my.springboot.web.ProfileControllerTest]: ProfileControllerTest does not declare any static, non-private, non-final, nested classes annotated with @Configuration.
11:25:00.568 [Test worker] DEBUG org.springframework.test.context.support.ActiveProfilesUtils - Could not find an 'annotation declaring class' for annotation type [org.springframework.test.context.ActiveProfiles] and class [com.my.springboot.web.ProfileControllerTest]
11:25:00.698 [Test worker] DEBUG org.springframework.context.annotation.ClassPathScanningCandidateComponentProvider - Identified candidate component class: file [D:\Spring\freelec-springboot2-webservice\build\classes\java\main\com\my\springboot\Application.class]
11:25:00.701 [Test worker] INFO org.springframework.boot.test.context.SpringBootTestContextBootstrapper - Found @SpringBootConfiguration com.my.springboot.Application for test class com.my.springboot.web.ProfileControllerTest
11:25:00.850 [Test worker] DEBUG org.springframework.boot.test.context.SpringBootTestContextBootstrapper - @TestExecutionListeners is not present for class [com.my.springboot.web.ProfileControllerTest]: using defaults.
11:25:00.851 [Test worker] INFO org.springframework.boot.test.context.SpringBootTestContextBootstrapper - Loaded default TestExecutionListener class names from location [META-INF/spring.factories]: [org.springframework.security.test.context.support.WithSecurityContextTestExecutionListener, org.springframework.security.test.context.support.ReactorContextTestExecutionListener, org.springframework.boot.test.autoconfigure.restdocs.RestDocsTestExecutionListener, org.springframework.boot.test.autoconfigure.web.client.MockRestServiceServerResetTestExecutionListener, org.springframework.boot.test.autoconfigure.web.servlet.MockMvcPrintOnlyOnFailureTestExecutionListener, org.springframework.boot.test.autoconfigure.web.servlet.WebDriverTestExecutionListener, org.springframework.boot.test.mock.mockito.MockitoTestExecutionListener, org.springframework.boot.test.mock.mockito.ResetMocksTestExecutionListener, org.springframework.test.context.web.ServletTestExecutionListener, org.springframework.test.context.support.DirtiesContextBeforeModesTestExecutionListener, org.springframework.test.context.support.DependencyInjectionTestExecutionListener, org.springframework.test.context.support.DirtiesContextTestExecutionListener, org.springframework.test.context.transaction.TransactionalTestExecutionListener, org.springframework.test.context.jdbc.SqlScriptsTestExecutionListener]
11:25:00.878 [Test worker] INFO org.springframework.boot.test.context.SpringBootTestContextBootstrapper - Using TestExecutionListeners: [org.springframework.test.context.web.ServletTestExecutionListener@3046104b, org.springframework.test.context.support.DirtiesContextBeforeModesTestExecutionListener@63330349, org.springframework.boot.test.mock.mockito.MockitoTestExecutionListener@54f82d0e, org.springframework.boot.test.autoconfigure.SpringBootDependencyInjectionTestExecutionListener@a00b2c6, org.springframework.test.context.support.DirtiesContextTestExecutionListener@a443f85, org.springframework.test.context.transaction.TransactionalTestExecutionListener@71164ccf, org.springframework.test.context.jdbc.SqlScriptsTestExecutionListener@64139fbe, org.springframework.security.test.context.support.WithSecurityContextTestExecutionListener@6b8a8778, org.springframework.security.test.context.support.ReactorContextTestExecutionListener@4099259b, org.springframework.boot.test.autoconfigure.restdocs.RestDocsTestExecutionListener@3aa7973, org.springframework.boot.test.autoconfigure.web.client.MockRestServiceServerResetTestExecutionListener@7bbce8d7, org.springframework.boot.test.autoconfigure.web.servlet.MockMvcPrintOnlyOnFailureTestExecutionListener@4432119f, org.springframework.boot.test.autoconfigure.web.servlet.WebDriverTestExecutionListener@4d8e517f, org.springframework.boot.test.mock.mockito.ResetMocksTestExecutionListener@1d3fd85c]
11:25:00.883 [Test worker] DEBUG org.springframework.test.annotation.ProfileValueUtils - Retrieved @ProfileValueSourceConfiguration [null] for test class [com.my.springboot.web.ProfileControllerTest]
11:25:00.884 [Test worker] DEBUG org.springframework.test.annotation.ProfileValueUtils - Retrieved ProfileValueSource type [class org.springframework.test.annotation.SystemProfileValueSource] for class [com.my.springboot.web.ProfileControllerTest]
11:25:00.890 [Test worker] DEBUG org.springframework.test.annotation.ProfileValueUtils - Retrieved @ProfileValueSourceConfiguration [null] for test class [com.my.springboot.web.ProfileControllerTest]
11:25:00.890 [Test worker] DEBUG org.springframework.test.annotation.ProfileValueUtils - Retrieved ProfileValueSource type [class org.springframework.test.annotation.SystemProfileValueSource] for class [com.my.springboot.web.ProfileControllerTest]
11:25:00.893 [Test worker] DEBUG org.springframework.test.annotation.ProfileValueUtils - Retrieved @ProfileValueSourceConfiguration [null] for test class [com.my.springboot.web.ProfileControllerTest]
11:25:00.893 [Test worker] DEBUG org.springframework.test.annotation.ProfileValueUtils - Retrieved ProfileValueSource type [class org.springframework.test.annotation.SystemProfileValueSource] for class [com.my.springboot.web.ProfileControllerTest]
11:25:00.900 [Test worker] DEBUG org.springframework.test.context.support.AbstractDirtiesContextTestExecutionListener - Before test class: context [DefaultTestContext@2cc73084 testClass = ProfileControllerTest, testInstance = [null], testMethod = [null], testException = [null], mergedContextConfiguration = [WebMergedContextConfiguration@4d54dc19 testClass = ProfileControllerTest, locations = '{}', classes = '{class com.my.springboot.Application}', contextInitializerClasses = '[]', activeProfiles = '{}', propertySourceLocations = '{}', propertySourceProperties = '{org.springframework.boot.test.context.SpringBootTestContextBootstrapper=true, server.port=0}', contextCustomizers = set[org.springframework.boot.test.autoconfigure.properties.PropertyMappingContextCustomizer@0, org.springframework.boot.test.autoconfigure.web.servlet.WebDriverContextCustomizerFactory$Customizer@ac45d72, org.springframework.boot.test.context.filter.ExcludeFilterContextCustomizer@26794274, org.springframework.boot.test.json.DuplicateJsonObjectContextCustomizerFactory$DuplicateJsonObjectContextCustomizer@286e2adf, org.springframework.boot.test.mock.mockito.MockitoContextCustomizer@0, org.springframework.boot.test.web.client.TestRestTemplateContextCustomizer@5754af00], resourceBasePath = 'src/main/webapp', contextLoader = 'org.springframework.boot.test.context.SpringBootContextLoader', parent = [null]], attributes = map['org.springframework.test.context.web.ServletTestExecutionListener.activateListener' -> false]], class annotated with @DirtiesContext [false] with mode [null].
11:25:00.901 [Test worker] DEBUG org.springframework.test.annotation.ProfileValueUtils - Retrieved @ProfileValueSourceConfiguration [null] for test class [com.my.springboot.web.ProfileControllerTest]
11:25:00.901 [Test worker] DEBUG org.springframework.test.annotation.ProfileValueUtils - Retrieved ProfileValueSource type [class org.springframework.test.annotation.SystemProfileValueSource] for class [com.my.springboot.web.ProfileControllerTest]
11:25:00.908 [Test worker] DEBUG org.springframework.test.context.support.DependencyInjectionTestExecutionListener - Performing dependency injection for test context [[DefaultTestContext@2cc73084 testClass = ProfileControllerTest, testInstance = com.my.springboot.web.ProfileControllerTest@1bd73b62, testMethod = [null], testException = [null], mergedContextConfiguration = [WebMergedContextConfiguration@4d54dc19 testClass = ProfileControllerTest, locations = '{}', classes = '{class com.my.springboot.Application}', contextInitializerClasses = '[]', activeProfiles = '{}', propertySourceLocations = '{}', propertySourceProperties = '{org.springframework.boot.test.context.SpringBootTestContextBootstrapper=true, server.port=0}', contextCustomizers = set[org.springframework.boot.test.autoconfigure.properties.PropertyMappingContextCustomizer@0, org.springframework.boot.test.autoconfigure.web.servlet.WebDriverContextCustomizerFactory$Customizer@ac45d72, org.springframework.boot.test.context.filter.ExcludeFilterContextCustomizer@26794274, org.springframework.boot.test.json.DuplicateJsonObjectContextCustomizerFactory$DuplicateJsonObjectContextCustomizer@286e2adf, org.springframework.boot.test.mock.mockito.MockitoContextCustomizer@0, org.springframework.boot.test.web.client.TestRestTemplateContextCustomizer@5754af00], resourceBasePath = 'src/main/webapp', contextLoader = 'org.springframework.boot.test.context.SpringBootContextLoader', parent = [null]], attributes = map['org.springframework.test.context.web.ServletTestExecutionListener.activateListener' -> false]]].
11:25:00.936 [Test worker] DEBUG org.springframework.test.context.support.TestPropertySourceUtils - Adding inlined properties to environment: {spring.jmx.enabled=false, org.springframework.boot.test.context.SpringBootTestContextBootstrapper=true, server.port=0}

  .   ____          _            __ _ _
 /\\ / ___'_ __ _ _(_)_ __  __ _ \ \ \ \
( ( )\___ | '_ | '_| | '_ \/ _` | \ \ \ \
 \\/  ___)| |_)| | | | | || (_| |  ) ) ) )
  '  |____| .__|_| |_|_| |_\__, | / / / /
 =========|_|==============|___/=/_/_/_/
 :: Spring Boot ::        (v2.1.7.RELEASE)

2021-08-25 11:25:01.291  INFO 15176 --- [    Test worker] c.m.s.web.ProfileControllerTest          : Starting ProfileControllerTest on TAEGYUN-Lenovo with PID 15176 (started by woota in D:\Spring\freelec-springboot2-webservice)
2021-08-25 11:25:01.293  INFO 15176 --- [    Test worker] c.m.s.web.ProfileControllerTest          : No active profile set, falling back to default profiles: default
2021-08-25 11:25:02.747  INFO 15176 --- [    Test worker] .s.d.r.c.RepositoryConfigurationDelegate : Bootstrapping Spring Data repositories in DEFAULT mode.
2021-08-25 11:25:02.867  INFO 15176 --- [    Test worker] .s.d.r.c.RepositoryConfigurationDelegate : Finished Spring Data repository scanning in 106ms. Found 2 repository interfaces.
2021-08-25 11:25:03.569  INFO 15176 --- [    Test worker] trationDelegate$BeanPostProcessorChecker : Bean 'org.springframework.transaction.annotation.ProxyTransactionManagementConfiguration' of type [org.springframework.transaction.annotation.ProxyTransactionManagementConfiguration$$EnhancerBySpringCGLIB$$db74d5b7] is not eligible for getting processed by all BeanPostProcessors (for example: not eligible for auto-proxying)
2021-08-25 11:25:04.104  INFO 15176 --- [    Test worker] o.s.b.w.embedded.tomcat.TomcatWebServer  : Tomcat initialized with port(s): 0 (http)
2021-08-25 11:25:04.146  INFO 15176 --- [    Test worker] o.apache.catalina.core.StandardService   : Starting service [Tomcat]
2021-08-25 11:25:04.147  INFO 15176 --- [    Test worker] org.apache.catalina.core.StandardEngine  : Starting Servlet engine: [Apache Tomcat/9.0.22]
2021-08-25 11:25:04.385  INFO 15176 --- [    Test worker] o.a.c.c.C.[Tomcat].[localhost].[/]       : Initializing Spring embedded WebApplicationContext
2021-08-25 11:25:04.385  INFO 15176 --- [    Test worker] o.s.web.context.ContextLoader            : Root WebApplicationContext: initialization completed in 3067 ms
2021-08-25 11:25:04.811  INFO 15176 --- [    Test worker] com.zaxxer.hikari.HikariDataSource       : HikariPool-1 - Starting...
2021-08-25 11:25:05.068  INFO 15176 --- [    Test worker] com.zaxxer.hikari.HikariDataSource       : HikariPool-1 - Start completed.
2021-08-25 11:25:05.231  INFO 15176 --- [    Test worker] o.hibernate.jpa.internal.util.LogHelper  : HHH000204: Processing PersistenceUnitInfo [
	name: default
	...]
2021-08-25 11:25:05.368  INFO 15176 --- [    Test worker] org.hibernate.Version                    : HHH000412: Hibernate Core {5.3.10.Final}
2021-08-25 11:25:05.373  INFO 15176 --- [    Test worker] org.hibernate.cfg.Environment            : HHH000206: hibernate.properties not found
2021-08-25 11:25:05.707  INFO 15176 --- [    Test worker] o.hibernate.annotations.common.Version   : HCANN000001: Hibernate Commons Annotations {5.0.4.Final}
2021-08-25 11:25:06.041  INFO 15176 --- [    Test worker] org.hibernate.dialect.Dialect            : HHH000400: Using dialect: org.hibernate.dialect.MySQL5InnoDBDialect
Hibernate: drop table if exists posts
Hibernate: drop table if exists user
Hibernate: create table posts (id bigint not null auto_increment, created_date datetime, modified_date datetime, author varchar(255), content TEXT not null, title varchar(500) not null, primary key (id)) engine=InnoDB
Hibernate: create table user (id bigint not null auto_increment, created_date datetime, modified_date datetime, email varchar(255) not null, name varchar(255) not null, picture varchar(255), role varchar(255) not null, primary key (id)) engine=InnoDB
2021-08-25 11:25:07.057  INFO 15176 --- [    Test worker] o.h.t.schema.internal.SchemaCreatorImpl  : HHH000476: Executing import script 'org.hibernate.tool.schema.internal.exec.ScriptSourceInputNonExistentImpl@26695c75'
2021-08-25 11:25:07.061  INFO 15176 --- [    Test worker] j.LocalContainerEntityManagerFactoryBean : Initialized JPA EntityManagerFactory for persistence unit 'default'
2021-08-25 11:25:08.186  INFO 15176 --- [    Test worker] o.h.h.i.QueryTranslatorFactoryInitiator  : HHH000397: Using ASTQueryTranslatorFactory
2021-08-25 11:25:09.001  INFO 15176 --- [    Test worker] o.s.s.web.DefaultSecurityFilterChain     : Creating filter chain: any request, [org.springframework.security.web.context.request.async.WebAsyncManagerIntegrationFilter@38f70d1a, org.springframework.security.web.context.SecurityContextPersistenceFilter@1626c26, org.springframework.security.web.header.HeaderWriterFilter@59ff58a5, org.springframework.security.web.authentication.logout.LogoutFilter@64ad36f4, org.springframework.security.oauth2.client.web.OAuth2AuthorizationRequestRedirectFilter@65b0dbad, org.springframework.security.oauth2.client.web.OAuth2LoginAuthenticationFilter@61b9554d, org.springframework.security.web.authentication.ui.DefaultLoginPageGeneratingFilter@7cbfeecf, org.springframework.security.web.authentication.ui.DefaultLogoutPageGeneratingFilter@318adec7, org.springframework.security.web.savedrequest.RequestCacheAwareFilter@6a5bbd2d, org.springframework.security.web.servletapi.SecurityContextHolderAwareRequestFilter@5b999ac, org.springframework.security.web.authentication.AnonymousAuthenticationFilter@4db9302, org.springframework.security.web.session.SessionManagementFilter@37d391f5, org.springframework.security.web.access.ExceptionTranslationFilter@6c2d22ac, org.springframework.security.web.access.intercept.FilterSecurityInterceptor@7f44f3d4]
2021-08-25 11:25:09.479  INFO 15176 --- [    Test worker] o.s.s.concurrent.ThreadPoolTaskExecutor  : Initializing ExecutorService 'applicationTaskExecutor'
2021-08-25 11:25:09.555  WARN 15176 --- [    Test worker] aWebConfiguration$JpaWebMvcConfiguration : spring.jpa.open-in-view is enabled by default. Therefore, database queries may be performed during view rendering. Explicitly configure spring.jpa.open-in-view to disable this warning
2021-08-25 11:25:09.637  INFO 15176 --- [    Test worker] o.s.b.a.w.s.WelcomePageHandlerMapping    : Adding welcome page template: index
2021-08-25 11:25:10.194  INFO 15176 --- [    Test worker] s.a.ScheduledAnnotationBeanPostProcessor : No TaskScheduler/ScheduledExecutorService bean found for scheduled processing
2021-08-25 11:25:10.227  INFO 15176 --- [    Test worker] o.s.b.w.embedded.tomcat.TomcatWebServer  : Tomcat started on port(s): 14927 (http) with context path ''
2021-08-25 11:25:10.230  INFO 15176 --- [    Test worker] c.m.s.web.ProfileControllerTest          : Started ProfileControllerTest in 9.29 seconds (JVM running for 10.646)
2021-08-25 11:25:10.468  INFO 15176 --- [o-auto-1-exec-2] o.a.c.c.C.[Tomcat].[localhost].[/]       : Initializing Spring DispatcherServlet 'dispatcherServlet'
2021-08-25 11:25:10.468  INFO 15176 --- [o-auto-1-exec-2] o.s.web.servlet.DispatcherServlet        : Initializing Servlet 'dispatcherServlet'
2021-08-25 11:25:10.499  INFO 15176 --- [o-auto-1-exec-2] o.s.web.servlet.DispatcherServlet        : Completed initialization in 31 ms
]]></system-out>
  <system-err><![CDATA[]]></system-err>
</testsuite>
