<?xml version="1.0" encoding="UTF-8"?>
<testsuite name="com.my.springboot.web.IndexControllerTest" tests="1" skipped="0" failures="0" errors="0" timestamp="2021-08-25T03:32:32" hostname="TAEGYUN-LENOVO" time="0.735">
  <properties/>
  <testcase name="메인페이지_로딩" classname="com.my.springboot.web.IndexControllerTest" time="0.735"/>
  <system-out><![CDATA[2021-08-25 12:32:29.238  INFO 1148 --- [    Test worker] .b.t.c.SpringBootTestContextBootstrapper : Neither @ContextConfiguration nor @ContextHierarchy found for test class [com.my.springboot.web.IndexControllerTest], using SpringBootContextLoader
2021-08-25 12:32:29.239  INFO 1148 --- [    Test worker] o.s.t.c.support.AbstractContextLoader    : Could not detect default resource locations for test class [com.my.springboot.web.IndexControllerTest]: no resource found for suffixes {-context.xml, Context.groovy}.
2021-08-25 12:32:29.240  INFO 1148 --- [    Test worker] t.c.s.AnnotationConfigContextLoaderUtils : Could not detect default configuration classes for test class [com.my.springboot.web.IndexControllerTest]: IndexControllerTest does not declare any static, non-private, non-final, nested classes annotated with @Configuration.
2021-08-25 12:32:29.242  INFO 1148 --- [    Test worker] .b.t.c.SpringBootTestContextBootstrapper : Found @SpringBootConfiguration com.my.springboot.Application for test class com.my.springboot.web.IndexControllerTest
2021-08-25 12:32:29.243  INFO 1148 --- [    Test worker] .b.t.c.SpringBootTestContextBootstrapper : Loaded default TestExecutionListener class names from location [META-INF/spring.factories]: [org.springframework.security.test.context.support.WithSecurityContextTestExecutionListener, org.springframework.security.test.context.support.ReactorContextTestExecutionListener, org.springframework.boot.test.autoconfigure.restdocs.RestDocsTestExecutionListener, org.springframework.boot.test.autoconfigure.web.client.MockRestServiceServerResetTestExecutionListener, org.springframework.boot.test.autoconfigure.web.servlet.MockMvcPrintOnlyOnFailureTestExecutionListener, org.springframework.boot.test.autoconfigure.web.servlet.WebDriverTestExecutionListener, org.springframework.boot.test.mock.mockito.MockitoTestExecutionListener, org.springframework.boot.test.mock.mockito.ResetMocksTestExecutionListener, org.springframework.test.context.web.ServletTestExecutionListener, org.springframework.test.context.support.DirtiesContextBeforeModesTestExecutionListener, org.springframework.test.context.support.DependencyInjectionTestExecutionListener, org.springframework.test.context.support.DirtiesContextTestExecutionListener, org.springframework.test.context.transaction.TransactionalTestExecutionListener, org.springframework.test.context.jdbc.SqlScriptsTestExecutionListener]
2021-08-25 12:32:29.245  INFO 1148 --- [    Test worker] .b.t.c.SpringBootTestContextBootstrapper : Using TestExecutionListeners: [org.springframework.test.context.web.ServletTestExecutionListener@73e6f09c, org.springframework.test.context.support.DirtiesContextBeforeModesTestExecutionListener@40eb26de, org.springframework.boot.test.mock.mockito.MockitoTestExecutionListener@5892abab, org.springframework.boot.test.autoconfigure.SpringBootDependencyInjectionTestExecutionListener@3514363a, org.springframework.test.context.support.DirtiesContextTestExecutionListener@71b25214, org.springframework.test.context.transaction.TransactionalTestExecutionListener@68f6572a, org.springframework.test.context.jdbc.SqlScriptsTestExecutionListener@2574766c, org.springframework.security.test.context.support.WithSecurityContextTestExecutionListener@31c5211e, org.springframework.security.test.context.support.ReactorContextTestExecutionListener@5204e7c0, org.springframework.boot.test.autoconfigure.restdocs.RestDocsTestExecutionListener@811a5ad, org.springframework.boot.test.autoconfigure.web.client.MockRestServiceServerResetTestExecutionListener@ed075d5, org.springframework.boot.test.autoconfigure.web.servlet.MockMvcPrintOnlyOnFailureTestExecutionListener@168568c0, org.springframework.boot.test.autoconfigure.web.servlet.WebDriverTestExecutionListener@63caa737, org.springframework.boot.test.mock.mockito.ResetMocksTestExecutionListener@66734a2e]

  .   ____          _            __ _ _
 /\\ / ___'_ __ _ _(_)_ __  __ _ \ \ \ \
( ( )\___ | '_ | '_| | '_ \/ _` | \ \ \ \
 \\/  ___)| |_)| | | | | || (_| |  ) ) ) )
  '  |____| .__|_| |_|_| |_\__, | / / / /
 =========|_|==============|___/=/_/_/_/
 :: Spring Boot ::        (v2.1.7.RELEASE)

2021-08-25 12:32:29.288  INFO 1148 --- [    Test worker] c.my.springboot.web.IndexControllerTest  : Starting IndexControllerTest on TAEGYUN-Lenovo with PID 1148 (started by woota in D:\Spring\freelec-springboot2-webservice)
2021-08-25 12:32:29.289  INFO 1148 --- [    Test worker] c.my.springboot.web.IndexControllerTest  : No active profile set, falling back to default profiles: default
2021-08-25 12:32:29.686  INFO 1148 --- [    Test worker] .s.d.r.c.RepositoryConfigurationDelegate : Bootstrapping Spring Data repositories in DEFAULT mode.
2021-08-25 12:32:29.720  INFO 1148 --- [    Test worker] .s.d.r.c.RepositoryConfigurationDelegate : Finished Spring Data repository scanning in 32ms. Found 2 repository interfaces.
2021-08-25 12:32:29.865  INFO 1148 --- [    Test worker] trationDelegate$BeanPostProcessorChecker : Bean 'org.springframework.transaction.annotation.ProxyTransactionManagementConfiguration' of type [org.springframework.transaction.annotation.ProxyTransactionManagementConfiguration$$EnhancerBySpringCGLIB$$bb75a8be] is not eligible for getting processed by all BeanPostProcessors (for example: not eligible for auto-proxying)
2021-08-25 12:32:30.218  INFO 1148 --- [    Test worker] o.s.b.w.embedded.tomcat.TomcatWebServer  : Tomcat initialized with port(s): 0 (http)
2021-08-25 12:32:30.248  INFO 1148 --- [    Test worker] o.apache.catalina.core.StandardService   : Starting service [Tomcat]
2021-08-25 12:32:30.248  INFO 1148 --- [    Test worker] org.apache.catalina.core.StandardEngine  : Starting Servlet engine: [Apache Tomcat/9.0.22]
2021-08-25 12:32:30.501  INFO 1148 --- [    Test worker] o.a.c.c.C.[Tomcat].[localhost].[/]       : Initializing Spring embedded WebApplicationContext
2021-08-25 12:32:30.501  INFO 1148 --- [    Test worker] o.s.web.context.ContextLoader            : Root WebApplicationContext: initialization completed in 1208 ms
2021-08-25 12:32:30.734  INFO 1148 --- [    Test worker] com.zaxxer.hikari.HikariDataSource       : HikariPool-2 - Starting...
2021-08-25 12:32:30.735  INFO 1148 --- [    Test worker] com.zaxxer.hikari.HikariDataSource       : HikariPool-2 - Start completed.
2021-08-25 12:32:30.787  INFO 1148 --- [    Test worker] o.hibernate.jpa.internal.util.LogHelper  : HHH000204: Processing PersistenceUnitInfo [
	name: default
	...]
2021-08-25 12:32:30.801  INFO 1148 --- [    Test worker] org.hibernate.dialect.Dialect            : HHH000400: Using dialect: org.hibernate.dialect.MySQL5InnoDBDialect
Hibernate: drop table if exists posts
Hibernate: drop table if exists user
Hibernate: create table posts (id bigint not null auto_increment, created_date datetime, modified_date datetime, author varchar(255), content TEXT not null, title varchar(500) not null, primary key (id)) engine=InnoDB
Hibernate: create table user (id bigint not null auto_increment, created_date datetime, modified_date datetime, email varchar(255) not null, name varchar(255) not null, picture varchar(255), role varchar(255) not null, primary key (id)) engine=InnoDB
2021-08-25 12:32:30.870  INFO 1148 --- [    Test worker] o.h.t.schema.internal.SchemaCreatorImpl  : HHH000476: Executing import script 'org.hibernate.tool.schema.internal.exec.ScriptSourceInputNonExistentImpl@11e2dcee'
2021-08-25 12:32:30.871  INFO 1148 --- [    Test worker] j.LocalContainerEntityManagerFactoryBean : Initialized JPA EntityManagerFactory for persistence unit 'default'
2021-08-25 12:32:31.264  INFO 1148 --- [    Test worker] o.h.h.i.QueryTranslatorFactoryInitiator  : HHH000397: Using ASTQueryTranslatorFactory
2021-08-25 12:32:31.418  INFO 1148 --- [    Test worker] o.s.s.web.DefaultSecurityFilterChain     : Creating filter chain: any request, [org.springframework.security.web.context.request.async.WebAsyncManagerIntegrationFilter@4bbbc04f, org.springframework.security.web.context.SecurityContextPersistenceFilter@3d26e033, org.springframework.security.web.header.HeaderWriterFilter@5b27849e, org.springframework.security.web.authentication.logout.LogoutFilter@d85b903, org.springframework.security.oauth2.client.web.OAuth2AuthorizationRequestRedirectFilter@3f038eb3, org.springframework.security.oauth2.client.web.OAuth2LoginAuthenticationFilter@5e05b1a7, org.springframework.security.web.authentication.ui.DefaultLoginPageGeneratingFilter@728e6ad, org.springframework.security.web.authentication.ui.DefaultLogoutPageGeneratingFilter@239cee8a, org.springframework.security.web.savedrequest.RequestCacheAwareFilter@12d74ef4, org.springframework.security.web.servletapi.SecurityContextHolderAwareRequestFilter@75b32b44, org.springframework.security.web.authentication.AnonymousAuthenticationFilter@498a5c, org.springframework.security.web.session.SessionManagementFilter@6fe92e5, org.springframework.security.web.access.ExceptionTranslationFilter@1de64704, org.springframework.security.web.access.intercept.FilterSecurityInterceptor@2589b8da]
2021-08-25 12:32:31.607  INFO 1148 --- [    Test worker] o.s.s.concurrent.ThreadPoolTaskExecutor  : Initializing ExecutorService 'applicationTaskExecutor'
2021-08-25 12:32:31.618  WARN 1148 --- [    Test worker] aWebConfiguration$JpaWebMvcConfiguration : spring.jpa.open-in-view is enabled by default. Therefore, database queries may be performed during view rendering. Explicitly configure spring.jpa.open-in-view to disable this warning
2021-08-25 12:32:31.648  INFO 1148 --- [    Test worker] o.s.b.a.w.s.WelcomePageHandlerMapping    : Adding welcome page template: index
2021-08-25 12:32:32.019  INFO 1148 --- [    Test worker] s.a.ScheduledAnnotationBeanPostProcessor : No TaskScheduler/ScheduledExecutorService bean found for scheduled processing
2021-08-25 12:32:32.048  INFO 1148 --- [    Test worker] o.s.b.w.embedded.tomcat.TomcatWebServer  : Tomcat started on port(s): 12288 (http) with context path ''
2021-08-25 12:32:32.050  INFO 1148 --- [    Test worker] c.my.springboot.web.IndexControllerTest  : Started IndexControllerTest in 2.803 seconds (JVM running for 15.166)
2021-08-25 12:32:32.229  INFO 1148 --- [o-auto-1-exec-1] o.a.c.c.C.[Tomcat].[localhost].[/]       : Initializing Spring DispatcherServlet 'dispatcherServlet'
2021-08-25 12:32:32.229  INFO 1148 --- [o-auto-1-exec-1] o.s.web.servlet.DispatcherServlet        : Initializing Servlet 'dispatcherServlet'
2021-08-25 12:32:32.254  INFO 1148 --- [o-auto-1-exec-1] o.s.web.servlet.DispatcherServlet        : Completed initialization in 25 ms
Hibernate: select posts0_.id as id1_0_, posts0_.created_date as created_2_0_, posts0_.modified_date as modified3_0_, posts0_.author as author4_0_, posts0_.content as content5_0_, posts0_.title as title6_0_ from posts posts0_ order by posts0_.id DESC
]]></system-out>
  <system-err><![CDATA[]]></system-err>
</testsuite>
