<?xml version="1.0" encoding="UTF-8"?>
<testsuite name="com.my.springboot.web.HelloControllerTest" tests="2" skipped="0" failures="0" errors="0" timestamp="2021-08-25T03:32:29" hostname="TAEGYUN-LENOVO" time="0.178">
  <properties/>
  <testcase name="helloDto가_리턴된다" classname="com.my.springboot.web.HelloControllerTest" time="0.166"/>
  <testcase name="returnsHello" classname="com.my.springboot.web.HelloControllerTest" time="0.011"/>
  <system-out><![CDATA[2021-08-25 12:32:27.817  INFO 1148 --- [    Test worker] .b.t.a.w.s.WebMvcTestContextBootstrapper : Neither @ContextConfiguration nor @ContextHierarchy found for test class [com.my.springboot.web.HelloControllerTest], using SpringBootContextLoader
2021-08-25 12:32:27.818  INFO 1148 --- [    Test worker] o.s.t.c.support.AbstractContextLoader    : Could not detect default resource locations for test class [com.my.springboot.web.HelloControllerTest]: no resource found for suffixes {-context.xml, Context.groovy}.
2021-08-25 12:32:27.819  INFO 1148 --- [    Test worker] t.c.s.AnnotationConfigContextLoaderUtils : Could not detect default configuration classes for test class [com.my.springboot.web.HelloControllerTest]: HelloControllerTest does not declare any static, non-private, non-final, nested classes annotated with @Configuration.
2021-08-25 12:32:27.849  INFO 1148 --- [    Test worker] .b.t.c.SpringBootTestContextBootstrapper : Found @SpringBootConfiguration com.my.springboot.Application for test class com.my.springboot.web.HelloControllerTest
2021-08-25 12:32:27.852  INFO 1148 --- [    Test worker] .b.t.a.w.s.WebMvcTestContextBootstrapper : Loaded default TestExecutionListener class names from location [META-INF/spring.factories]: [org.springframework.security.test.context.support.WithSecurityContextTestExecutionListener, org.springframework.security.test.context.support.ReactorContextTestExecutionListener, org.springframework.boot.test.autoconfigure.restdocs.RestDocsTestExecutionListener, org.springframework.boot.test.autoconfigure.web.client.MockRestServiceServerResetTestExecutionListener, org.springframework.boot.test.autoconfigure.web.servlet.MockMvcPrintOnlyOnFailureTestExecutionListener, org.springframework.boot.test.autoconfigure.web.servlet.WebDriverTestExecutionListener, org.springframework.boot.test.mock.mockito.MockitoTestExecutionListener, org.springframework.boot.test.mock.mockito.ResetMocksTestExecutionListener, org.springframework.test.context.web.ServletTestExecutionListener, org.springframework.test.context.support.DirtiesContextBeforeModesTestExecutionListener, org.springframework.test.context.support.DependencyInjectionTestExecutionListener, org.springframework.test.context.support.DirtiesContextTestExecutionListener, org.springframework.test.context.transaction.TransactionalTestExecutionListener, org.springframework.test.context.jdbc.SqlScriptsTestExecutionListener]
2021-08-25 12:32:27.853  INFO 1148 --- [    Test worker] .b.t.a.w.s.WebMvcTestContextBootstrapper : Using TestExecutionListeners: [org.springframework.test.context.web.ServletTestExecutionListener@7569f98, org.springframework.test.context.support.DirtiesContextBeforeModesTestExecutionListener@74ba4ef5, org.springframework.boot.test.mock.mockito.MockitoTestExecutionListener@1ef4096d, org.springframework.boot.test.autoconfigure.SpringBootDependencyInjectionTestExecutionListener@2d50209c, org.springframework.test.context.support.DirtiesContextTestExecutionListener@1e49c0f1, org.springframework.test.context.transaction.TransactionalTestExecutionListener@3822e82b, org.springframework.test.context.jdbc.SqlScriptsTestExecutionListener@6a32123, org.springframework.security.test.context.support.WithSecurityContextTestExecutionListener@2adba5ab, org.springframework.security.test.context.support.ReactorContextTestExecutionListener@7ac5b649, org.springframework.boot.test.autoconfigure.restdocs.RestDocsTestExecutionListener@55097a8a, org.springframework.boot.test.autoconfigure.web.client.MockRestServiceServerResetTestExecutionListener@4a3ce331, org.springframework.boot.test.autoconfigure.web.servlet.MockMvcPrintOnlyOnFailureTestExecutionListener@3dbdf120, org.springframework.boot.test.autoconfigure.web.servlet.WebDriverTestExecutionListener@6a1d6f20, org.springframework.boot.test.mock.mockito.ResetMocksTestExecutionListener@74de95c3]

  .   ____          _            __ _ _
 /\\ / ___'_ __ _ _(_)_ __  __ _ \ \ \ \
( ( )\___ | '_ | '_| | '_ \/ _` | \ \ \ \
 \\/  ___)| |_)| | | | | || (_| |  ) ) ) )
  '  |____| .__|_| |_|_| |_\__, | / / / /
 =========|_|==============|___/=/_/_/_/
 :: Spring Boot ::        (v2.1.7.RELEASE)

2021-08-25 12:32:27.915  INFO 1148 --- [    Test worker] c.my.springboot.web.HelloControllerTest  : Starting HelloControllerTest on TAEGYUN-Lenovo with PID 1148 (started by woota in D:\Spring\freelec-springboot2-webservice)
2021-08-25 12:32:27.927  INFO 1148 --- [    Test worker] c.my.springboot.web.HelloControllerTest  : No active profile set, falling back to default profiles: default
2021-08-25 12:32:28.545  INFO 1148 --- [    Test worker] o.s.s.concurrent.ThreadPoolTaskExecutor  : Initializing ExecutorService 'applicationTaskExecutor'
2021-08-25 12:32:28.580  INFO 1148 --- [    Test worker] o.s.b.a.w.s.WelcomePageHandlerMapping    : Adding welcome page template: index
2021-08-25 12:32:28.822  INFO 1148 --- [    Test worker] .s.s.UserDetailsServiceAutoConfiguration : 

Using generated security password: 41f57516-9e1b-46d4-b37b-268723e4fdf5

2021-08-25 12:32:28.970  INFO 1148 --- [    Test worker] o.s.s.web.DefaultSecurityFilterChain     : Creating filter chain: any request, [org.springframework.security.web.context.request.async.WebAsyncManagerIntegrationFilter@60d0f6d4, org.springframework.security.web.context.SecurityContextPersistenceFilter@33b438a0, org.springframework.security.web.header.HeaderWriterFilter@32bfdae9, org.springframework.security.web.csrf.CsrfFilter@60565400, org.springframework.security.web.authentication.logout.LogoutFilter@69ee09ce, org.springframework.security.web.authentication.UsernamePasswordAuthenticationFilter@2f7649f2, org.springframework.security.web.authentication.ui.DefaultLoginPageGeneratingFilter@30a20ec9, org.springframework.security.web.authentication.ui.DefaultLogoutPageGeneratingFilter@2e93b43f, org.springframework.security.web.authentication.www.BasicAuthenticationFilter@108d5aee, org.springframework.security.web.savedrequest.RequestCacheAwareFilter@47d1afe2, org.springframework.security.web.servletapi.SecurityContextHolderAwareRequestFilter@bf54d63, org.springframework.security.web.authentication.AnonymousAuthenticationFilter@54b3d129, org.springframework.security.web.session.SessionManagementFilter@601b6eea, org.springframework.security.web.access.ExceptionTranslationFilter@5194b0a4, org.springframework.security.web.access.intercept.FilterSecurityInterceptor@765bc9f]
2021-08-25 12:32:29.002  INFO 1148 --- [    Test worker] o.s.b.t.m.w.SpringBootMockServletContext : Initializing Spring TestDispatcherServlet ''
2021-08-25 12:32:29.002  INFO 1148 --- [    Test worker] o.s.t.web.servlet.TestDispatcherServlet  : Initializing Servlet ''
2021-08-25 12:32:29.016  INFO 1148 --- [    Test worker] o.s.t.web.servlet.TestDispatcherServlet  : Completed initialization in 14 ms
2021-08-25 12:32:29.053  INFO 1148 --- [    Test worker] c.my.springboot.web.HelloControllerTest  : Started HelloControllerTest in 1.197 seconds (JVM running for 12.169)
]]></system-out>
  <system-err><![CDATA[]]></system-err>
</testsuite>
