<?xml version="1.0" encoding="UTF-8"?>
<testsuite name="com.my.springboot.web.HelloControllerTest" tests="2" skipped="0" failures="0" errors="0" timestamp="2021-08-23T03:51:03" hostname="TAEGYUN-LENOVO" time="0.157">
  <properties/>
  <testcase name="helloDto가_리턴된다" classname="com.my.springboot.web.HelloControllerTest" time="0.146"/>
  <testcase name="returnsHello" classname="com.my.springboot.web.HelloControllerTest" time="0.01"/>
  <system-out><![CDATA[2021-08-23 12:51:01.526  INFO 11520 --- [    Test worker] .b.t.a.w.s.WebMvcTestContextBootstrapper : Neither @ContextConfiguration nor @ContextHierarchy found for test class [com.my.springboot.web.HelloControllerTest], using SpringBootContextLoader
2021-08-23 12:51:01.534  INFO 11520 --- [    Test worker] o.s.t.c.support.AbstractContextLoader    : Could not detect default resource locations for test class [com.my.springboot.web.HelloControllerTest]: no resource found for suffixes {-context.xml, Context.groovy}.
2021-08-23 12:51:01.535  INFO 11520 --- [    Test worker] t.c.s.AnnotationConfigContextLoaderUtils : Could not detect default configuration classes for test class [com.my.springboot.web.HelloControllerTest]: HelloControllerTest does not declare any static, non-private, non-final, nested classes annotated with @Configuration.
2021-08-23 12:51:01.612  INFO 11520 --- [    Test worker] .b.t.c.SpringBootTestContextBootstrapper : Found @SpringBootConfiguration com.my.springboot.Application for test class com.my.springboot.web.HelloControllerTest
2021-08-23 12:51:01.613  INFO 11520 --- [    Test worker] .b.t.a.w.s.WebMvcTestContextBootstrapper : Loaded default TestExecutionListener class names from location [META-INF/spring.factories]: [org.springframework.security.test.context.support.WithSecurityContextTestExecutionListener, org.springframework.security.test.context.support.ReactorContextTestExecutionListener, org.springframework.boot.test.autoconfigure.restdocs.RestDocsTestExecutionListener, org.springframework.boot.test.autoconfigure.web.client.MockRestServiceServerResetTestExecutionListener, org.springframework.boot.test.autoconfigure.web.servlet.MockMvcPrintOnlyOnFailureTestExecutionListener, org.springframework.boot.test.autoconfigure.web.servlet.WebDriverTestExecutionListener, org.springframework.boot.test.mock.mockito.MockitoTestExecutionListener, org.springframework.boot.test.mock.mockito.ResetMocksTestExecutionListener, org.springframework.test.context.web.ServletTestExecutionListener, org.springframework.test.context.support.DirtiesContextBeforeModesTestExecutionListener, org.springframework.test.context.support.DependencyInjectionTestExecutionListener, org.springframework.test.context.support.DirtiesContextTestExecutionListener, org.springframework.test.context.transaction.TransactionalTestExecutionListener, org.springframework.test.context.jdbc.SqlScriptsTestExecutionListener]
2021-08-23 12:51:01.614  INFO 11520 --- [    Test worker] .b.t.a.w.s.WebMvcTestContextBootstrapper : Using TestExecutionListeners: [org.springframework.test.context.web.ServletTestExecutionListener@49d288e5, org.springframework.test.context.support.DirtiesContextBeforeModesTestExecutionListener@70ed2d5, org.springframework.boot.test.mock.mockito.MockitoTestExecutionListener@3b08ec24, org.springframework.boot.test.autoconfigure.SpringBootDependencyInjectionTestExecutionListener@4044bc84, org.springframework.test.context.support.DirtiesContextTestExecutionListener@1d8c81c9, org.springframework.test.context.transaction.TransactionalTestExecutionListener@6c6560d7, org.springframework.test.context.jdbc.SqlScriptsTestExecutionListener@1070c8b3, org.springframework.security.test.context.support.WithSecurityContextTestExecutionListener@75b5f6a5, org.springframework.security.test.context.support.ReactorContextTestExecutionListener@c4eb313, org.springframework.boot.test.autoconfigure.restdocs.RestDocsTestExecutionListener@4b6a0995, org.springframework.boot.test.autoconfigure.web.client.MockRestServiceServerResetTestExecutionListener@5dc9651b, org.springframework.boot.test.autoconfigure.web.servlet.MockMvcPrintOnlyOnFailureTestExecutionListener@713a0d9, org.springframework.boot.test.autoconfigure.web.servlet.WebDriverTestExecutionListener@7ebc5d03, org.springframework.boot.test.mock.mockito.ResetMocksTestExecutionListener@6581d5e0]

  .   ____          _            __ _ _
 /\\ / ___'_ __ _ _(_)_ __  __ _ \ \ \ \
( ( )\___ | '_ | '_| | '_ \/ _` | \ \ \ \
 \\/  ___)| |_)| | | | | || (_| |  ) ) ) )
  '  |____| .__|_| |_|_| |_\__, | / / / /
 =========|_|==============|___/=/_/_/_/
 :: Spring Boot ::        (v2.1.7.RELEASE)

2021-08-23 12:51:01.703  INFO 11520 --- [    Test worker] c.my.springboot.web.HelloControllerTest  : Starting HelloControllerTest on TAEGYUN-Lenovo with PID 11520 (started by woota in D:\Spring\freelec-springboot2-webservice)
2021-08-23 12:51:01.705  INFO 11520 --- [    Test worker] c.my.springboot.web.HelloControllerTest  : No active profile set, falling back to default profiles: default
2021-08-23 12:51:02.431  INFO 11520 --- [    Test worker] o.s.s.concurrent.ThreadPoolTaskExecutor  : Initializing ExecutorService 'applicationTaskExecutor'
2021-08-23 12:51:02.493  INFO 11520 --- [    Test worker] o.s.b.a.w.s.WelcomePageHandlerMapping    : Adding welcome page template: index
2021-08-23 12:51:02.772  INFO 11520 --- [    Test worker] .s.s.UserDetailsServiceAutoConfiguration : 

Using generated security password: e838ff16-0e4a-49c5-bf10-394e96bd5d30

2021-08-23 12:51:02.981  INFO 11520 --- [    Test worker] o.s.s.web.DefaultSecurityFilterChain     : Creating filter chain: any request, [org.springframework.security.web.context.request.async.WebAsyncManagerIntegrationFilter@79620ac7, org.springframework.security.web.context.SecurityContextPersistenceFilter@5cd77dea, org.springframework.security.web.header.HeaderWriterFilter@53c3acf6, org.springframework.security.web.csrf.CsrfFilter@147b1ed2, org.springframework.security.web.authentication.logout.LogoutFilter@3362dbb7, org.springframework.security.web.authentication.UsernamePasswordAuthenticationFilter@4b95ab4d, org.springframework.security.web.authentication.ui.DefaultLoginPageGeneratingFilter@1499f013, org.springframework.security.web.authentication.ui.DefaultLogoutPageGeneratingFilter@7585a852, org.springframework.security.web.authentication.www.BasicAuthenticationFilter@4d716f1a, org.springframework.security.web.savedrequest.RequestCacheAwareFilter@5055d8c3, org.springframework.security.web.servletapi.SecurityContextHolderAwareRequestFilter@1ebf7a23, org.springframework.security.web.authentication.AnonymousAuthenticationFilter@334a0047, org.springframework.security.web.session.SessionManagementFilter@1f82a5d2, org.springframework.security.web.access.ExceptionTranslationFilter@7dce3813, org.springframework.security.web.access.intercept.FilterSecurityInterceptor@6f99f89b]
2021-08-23 12:51:03.039  INFO 11520 --- [    Test worker] o.s.b.t.m.w.SpringBootMockServletContext : Initializing Spring TestDispatcherServlet ''
2021-08-23 12:51:03.039  INFO 11520 --- [    Test worker] o.s.t.web.servlet.TestDispatcherServlet  : Initializing Servlet ''
2021-08-23 12:51:03.062  INFO 11520 --- [    Test worker] o.s.t.web.servlet.TestDispatcherServlet  : Completed initialization in 23 ms
2021-08-23 12:51:03.132  INFO 11520 --- [    Test worker] c.my.springboot.web.HelloControllerTest  : Started HelloControllerTest in 1.515 seconds (JVM running for 12.758)
]]></system-out>
  <system-err><![CDATA[]]></system-err>
</testsuite>
